<?xml version="1.0" encoding="UTF-8"?>
<coverage generated="1739352796427" clover="3.2.0">
  <project timestamp="1739352796429" name="All files">
    <metrics statements="15" coveredstatements="9" conditionals="3" coveredconditionals="1" methods="1" coveredmethods="1" elements="19" coveredelements="11" complexity="0" loc="15" ncloc="15" packages="1" files="1" classes="1"/>
    <file name="arrayIncreament.js" path="/home/danfix/javaScript/breakfast/arrayIncreament.js">
      <metrics statements="15" coveredstatements="9" conditionals="3" coveredconditionals="1" methods="1" coveredmethods="1"/>
      <line num="1" count="1" type="cond" truecount="1" falsecount="0"/>
      <line num="2" count="1" type="stmt"/>
      <line num="3" count="1" type="stmt"/>
      <line num="4" count="1" type="stmt"/>
      <line num="5" count="1" type="stmt"/>
      <line num="6" count="1" type="stmt"/>
      <line num="7" count="1" type="stmt"/>
      <line num="8" count="0" type="cond" truecount="0" falsecount="1"/>
      <line num="9" count="0" type="stmt"/>
      <line num="10" count="0" type="stmt"/>
      <line num="11" count="1" type="cond" truecount="0" falsecount="1"/>
      <line num="12" count="0" type="stmt"/>
      <line num="13" count="0" type="stmt"/>
      <line num="14" count="0" type="stmt"/>
      <line num="15" count="1" type="stmt"/>
    </file>
  </project>
</coverage>
