{"/home/danfix/javaScript/breakfast/arrayIncreament.js": {"path":"/home/danfix/javaScript/breakfast/arrayIncreament.js","all":false,"statementMap":{"0":{"start":{"line":1,"column":0},"end":{"line":1,"column":34}},"1":{"start":{"line":2,"column":0},"end":{"line":2,"column":26}},"2":{"start":{"line":3,"column":0},"end":{"line":3,"column":50}},"3":{"start":{"line":4,"column":0},"end":{"line":4,"column":28}},"4":{"start":{"line":5,"column":0},"end":{"line":5,"column":24}},"5":{"start":{"line":6,"column":0},"end":{"line":6,"column":26}},"6":{"start":{"line":7,"column":0},"end":{"line":7,"column":9}},"7":{"start":{"line":8,"column":0},"end":{"line":8,"column":14}},"8":{"start":{"line":9,"column":0},"end":{"line":9,"column":26}},"9":{"start":{"line":10,"column":0},"end":{"line":10,"column":9}},"10":{"start":{"line":11,"column":0},"end":{"line":11,"column":5}},"11":{"start":{"line":12,"column":0},"end":{"line":12,"column":22}},"12":{"start":{"line":13,"column":0},"end":{"line":13,"column":18}},"13":{"start":{"line":14,"column":0},"end":{"line":14,"column":1}},"14":{"start":{"line":15,"column":0},"end":{"line":15,"column":35}}},"s":{"0":1,"1":1,"2":1,"3":1,"4":1,"5":1,"6":1,"7":0,"8":0,"9":0,"10":1,"11":0,"12":0,"13":0,"14":1},"branchMap":{"0":{"type":"branch","line":1,"loc":{"start":{"line":1,"column":0},"end":{"line":14,"column":1}},"locations":[{"start":{"line":1,"column":0},"end":{"line":14,"column":1}}]},"1":{"type":"branch","line":8,"loc":{"start":{"line":8,"column":-1},"end":{"line":10,"column":9}},"locations":[{"start":{"line":8,"column":-1},"end":{"line":10,"column":9}}]},"2":{"type":"branch","line":11,"loc":{"start":{"line":11,"column":4},"end":{"line":14,"column":1}},"locations":[{"start":{"line":11,"column":4},"end":{"line":14,"column":1}}]}},"b":{"0":[1],"1":[0],"2":[0]},"fnMap":{"0":{"name":"arrayIncreament","decl":{"start":{"line":1,"column":0},"end":{"line":14,"column":1}},"loc":{"start":{"line":1,"column":0},"end":{"line":14,"column":1}},"line":1}},"f":{"0":1}}
}
