TN:
SF:classWork/addPointsToScore.js
FN:2,addPointsToScore
FNF:1
FNH:1
FNDA:2,addPointsToScore
DA:1,1
DA:2,2
DA:3,2
DA:4,2
DA:5,1
DA:6,1
DA:7,1
LF:7
LH:7
BRDA:2,0,0,2
BRDA:3,1,0,10
BRF:2
BRH:2
end_of_record
TN:
SF:classWork/getScoresOfStudent.js
FN:14,getScoresOfStudent
FNF:1
FNH:1
FNDA:2,getScoresOfStudent
DA:1,1
DA:2,1
DA:3,1
DA:4,1
DA:5,1
DA:6,1
DA:7,1
DA:8,1
DA:9,1
DA:10,1
DA:11,1
DA:12,1
DA:13,1
DA:14,2
DA:15,2
DA:16,2
DA:17,1
DA:18,1
DA:19,1
LF:19
LH:19
BRDA:14,0,0,2
BRDA:15,1,0,20
BRF:2
BRH:2
end_of_record
TN:
SF:classWork/squareOfNumbers.js
FN:1,squareOfNumbers
FNF:1
FNH:1
FNDA:1,squareOfNumbers
DA:1,1
DA:2,1
DA:3,1
DA:4,1
LF:4
LH:4
BRDA:1,0,0,1
BRDA:2,1,0,5
BRF:2
BRH:2
end_of_record
