TN:
SF:dataStructureAndAlgorithm/queue/queueFunction.js
FN:2,QueueFunction
FN:7,emptyQueue
FN:11,addQueue
FN:17,queueSize
FN:21,removeQueue
FN:32,clearQueue
FN:37,peekQueue
FNF:7
FNH:7
FNDA:6,QueueFunction
FNDA:4,emptyQueue
FNDA:19,addQueue
FNDA:4,queueSize
FNDA:2,removeQueue
FNDA:1,clearQueue
FNDA:1,peekQueue
DA:1,1
DA:2,1
DA:3,6
DA:4,6
DA:5,6
DA:6,1
DA:7,1
DA:8,4
DA:9,4
DA:10,1
DA:11,1
DA:12,19
DA:13,19
DA:14,19
DA:15,19
DA:16,1
DA:17,1
DA:18,4
DA:19,4
DA:20,1
DA:21,1
DA:22,2
DA:23,0
DA:24,0
DA:25,2
DA:26,2
DA:27,2
DA:28,2
DA:29,2
DA:30,2
DA:31,1
DA:32,1
DA:33,1
DA:34,1
DA:35,1
DA:36,1
DA:37,1
DA:38,1
DA:39,0
DA:40,0
DA:41,1
DA:42,1
DA:43,1
DA:44,1
LF:44
LH:40
BRDA:2,0,0,6
BRDA:7,1,0,4
BRDA:11,2,0,19
BRDA:17,3,0,4
BRDA:21,4,0,2
BRDA:22,5,0,0
BRDA:32,6,0,1
BRDA:37,7,0,1
BRDA:38,8,0,0
BRF:9
BRH:7
end_of_record
